{
  "stats": {
    "suites": 1,
    "tests": 2,
    "passes": 2,
    "pending": 0,
    "failures": 0,
    "start": "2023-10-23T18:12:12.069Z",
    "end": "2023-10-23T18:12:13.966Z",
    "duration": 1897,
    "testsRegistered": 2,
    "passPercent": 100,
    "pendingPercent": 0,
    "other": 0,
    "hasOther": false,
    "skipped": 0,
    "hasSkipped": false
  },
  "results": [
    {
      "uuid": "3df5b931-8a28-44c0-90fe-fcac602465e0",
      "title": "",
      "fullFile": "cypress/e2e/login.spec.cy.js",
      "file": "cypress/e2e/login.spec.cy.js",
      "beforeHooks": [],
      "afterHooks": [],
      "tests": [],
      "suites": [
        {
          "uuid": "22387f65-4811-4047-a1b0-12d15bafea62",
          "title": "E-commerce Login Test Suite",
          "fullFile": "",
          "file": "",
          "beforeHooks": [],
          "afterHooks": [],
          "tests": [
            {
              "title": "Validate user is not able to login with invalid username and password",
              "fullTitle": "E-commerce Login Test Suite Validate user is not able to login with invalid username and password",
              "timedOut": null,
              "duration": 998,
              "state": "passed",
              "speed": "fast",
              "pass": true,
              "fail": false,
              "pending": false,
              "context": null,
              "code": "_LoginPage.default.login('username123', 'password234');\n_LoginPage.default.getErrorMessage().should('be.visible').and('contain', 'Epic sadface: Username and password do not match any user in this service');",
              "err": {},
              "uuid": "ef110ab7-01e8-4b2e-9192-f402a8e88210",
              "parentUUID": "22387f65-4811-4047-a1b0-12d15bafea62",
              "isHook": false,
              "skipped": false
            },
            {
              "title": "Validate user is able to login with username and password",
              "fullTitle": "E-commerce Login Test Suite Validate user is able to login with username and password",
              "timedOut": null,
              "duration": 833,
              "state": "passed",
              "speed": "fast",
              "pass": true,
              "fail": false,
              "pending": false,
              "context": null,
              "code": "_LoginPage.default.login(username, password);\n_LoginPage.default.getPageTitle().should('be.visible').and('contain', 'Swag Labs');",
              "err": {},
              "uuid": "72ca718d-3a4a-41af-92a1-5d4220c4f76e",
              "parentUUID": "22387f65-4811-4047-a1b0-12d15bafea62",
              "isHook": false,
              "skipped": false
            }
          ],
          "suites": [],
          "passes": [
            "ef110ab7-01e8-4b2e-9192-f402a8e88210",
            "72ca718d-3a4a-41af-92a1-5d4220c4f76e"
          ],
          "failures": [],
          "pending": [],
          "skipped": [],
          "duration": 1831,
          "root": false,
          "rootEmpty": false,
          "_timeout": 2000
        }
      ],
      "passes": [],
      "failures": [],
      "pending": [],
      "skipped": [],
      "duration": 0,
      "root": true,
      "rootEmpty": true,
      "_timeout": 2000
    }
  ],
  "meta": {
    "mocha": {
      "version": "7.0.1"
    },
    "mochawesome": {
      "options": {
        "quiet": false,
        "reportFilename": "mochawesome",
        "saveHtml": false,
        "saveJson": true,
        "consoleReporter": "spec",
        "useInlineDiffs": false,
        "code": true
      },
      "version": "7.1.3"
    },
    "marge": {
      "options": {
        "overwrite": false,
        "html": false,
        "json": true,
        "reportDir": "cypress/reports/html/.jsons"
      },
      "version": "6.2.0"
    }
  }
}