{
  "stats": {
    "suites": 1,
    "tests": 2,
    "passes": 2,
    "pending": 0,
    "failures": 0,
    "start": "2023-10-25T18:19:16.865Z",
    "end": "2023-10-25T18:19:18.787Z",
    "duration": 1922,
    "testsRegistered": 2,
    "passPercent": 100,
    "pendingPercent": 0,
    "other": 0,
    "hasOther": false,
    "skipped": 0,
    "hasSkipped": false
  },
  "results": [
    {
      "uuid": "59cbd8c0-d02d-420c-9c54-1c68c1fc6325",
      "title": "",
      "fullFile": "cypress/e2e/login.spec.cy.js",
      "file": "cypress/e2e/login.spec.cy.js",
      "beforeHooks": [],
      "afterHooks": [],
      "tests": [],
      "suites": [
        {
          "uuid": "5871e79a-3dc8-4a68-b7f1-68d1f81140d0",
          "title": "E-commerce Login Test Suite",
          "fullFile": "",
          "file": "",
          "beforeHooks": [],
          "afterHooks": [],
          "tests": [
            {
              "title": "Validate user is not able to login with invalid username and password",
              "fullTitle": "E-commerce Login Test Suite Validate user is not able to login with invalid username and password",
              "timedOut": null,
              "duration": 965,
              "state": "passed",
              "speed": "fast",
              "pass": true,
              "fail": false,
              "pending": false,
              "context": null,
              "code": "_LoginPage.default.login('username123', 'password234');\n_LoginPage.default.getErrorMessage().should('be.visible').and('contain', 'Epic sadface: Username and password do not match any user in this service');",
              "err": {},
              "uuid": "a44bf6ed-39e4-4e7e-97e2-51f5e60f1c4b",
              "parentUUID": "5871e79a-3dc8-4a68-b7f1-68d1f81140d0",
              "isHook": false,
              "skipped": false
            },
            {
              "title": "Validate user is able to login with username and password",
              "fullTitle": "E-commerce Login Test Suite Validate user is able to login with username and password",
              "timedOut": null,
              "duration": 891,
              "state": "passed",
              "speed": "fast",
              "pass": true,
              "fail": false,
              "pending": false,
              "context": null,
              "code": "_LoginPage.default.login(username, password);\n_LoginPage.default.getPageTitle().should('be.visible').and('contain', 'Swag Labs');",
              "err": {},
              "uuid": "fbadb4cf-a171-40d3-a015-258b7dac7542",
              "parentUUID": "5871e79a-3dc8-4a68-b7f1-68d1f81140d0",
              "isHook": false,
              "skipped": false
            }
          ],
          "suites": [],
          "passes": [
            "a44bf6ed-39e4-4e7e-97e2-51f5e60f1c4b",
            "fbadb4cf-a171-40d3-a015-258b7dac7542"
          ],
          "failures": [],
          "pending": [],
          "skipped": [],
          "duration": 1856,
          "root": false,
          "rootEmpty": false,
          "_timeout": 2000
        }
      ],
      "passes": [],
      "failures": [],
      "pending": [],
      "skipped": [],
      "duration": 0,
      "root": true,
      "rootEmpty": true,
      "_timeout": 2000
    }
  ],
  "meta": {
    "mocha": {
      "version": "7.0.1"
    },
    "mochawesome": {
      "options": {
        "quiet": false,
        "reportFilename": "mochawesome",
        "saveHtml": false,
        "saveJson": true,
        "consoleReporter": "spec",
        "useInlineDiffs": false,
        "code": true
      },
      "version": "7.1.3"
    },
    "marge": {
      "options": {
        "overwrite": false,
        "html": false,
        "json": true,
        "reportDir": "cypress/reports/html/.jsons"
      },
      "version": "6.2.0"
    }
  }
}