{
  "stats": {
    "suites": 1,
    "tests": 2,
    "passes": 2,
    "pending": 0,
    "failures": 0,
    "start": "2023-10-23T19:28:14.810Z",
    "end": "2023-10-23T19:28:16.569Z",
    "duration": 1759,
    "testsRegistered": 2,
    "passPercent": 100,
    "pendingPercent": 0,
    "other": 0,
    "hasOther": false,
    "skipped": 0,
    "hasSkipped": false
  },
  "results": [
    {
      "uuid": "dfd92603-658d-4476-83e1-531557de4c5b",
      "title": "",
      "fullFile": "cypress/e2e/login.spec.cy.js",
      "file": "cypress/login.spec.cy.js",
      "beforeHooks": [],
      "afterHooks": [],
      "tests": [],
      "suites": [
        {
          "uuid": "7fc7ff30-e5b0-4a77-8259-140c8155bc62",
          "title": "E-commerce Login Test Suite",
          "fullFile": "",
          "file": "",
          "beforeHooks": [],
          "afterHooks": [],
          "tests": [
            {
              "title": "Validate user is not able to login with invalid username and password",
              "fullTitle": "E-commerce Login Test Suite Validate user is not able to login with invalid username and password",
              "timedOut": null,
              "duration": 906,
              "state": "passed",
              "speed": "fast",
              "pass": true,
              "fail": false,
              "pending": false,
              "context": null,
              "code": "_LoginPage.default.login('username123', 'password234');\n_LoginPage.default.getErrorMessage().should('be.visible').and('contain', 'Epic sadface: Username and password do not match any user in this service');",
              "err": {},
              "uuid": "8e9672c1-7bf7-44a1-9788-5bc09e7d83d6",
              "parentUUID": "7fc7ff30-e5b0-4a77-8259-140c8155bc62",
              "isHook": false,
              "skipped": false
            },
            {
              "title": "Validate user is able to login with username and password",
              "fullTitle": "E-commerce Login Test Suite Validate user is able to login with username and password",
              "timedOut": null,
              "duration": 832,
              "state": "passed",
              "speed": "fast",
              "pass": true,
              "fail": false,
              "pending": false,
              "context": null,
              "code": "_LoginPage.default.login(username, password);\n_LoginPage.default.getPageTitle().should('be.visible').and('contain', 'Swag Labs');",
              "err": {},
              "uuid": "a075b19b-4af3-4b65-abf1-a190568e327d",
              "parentUUID": "7fc7ff30-e5b0-4a77-8259-140c8155bc62",
              "isHook": false,
              "skipped": false
            }
          ],
          "suites": [],
          "passes": [
            "8e9672c1-7bf7-44a1-9788-5bc09e7d83d6",
            "a075b19b-4af3-4b65-abf1-a190568e327d"
          ],
          "failures": [],
          "pending": [],
          "skipped": [],
          "duration": 1738,
          "root": false,
          "rootEmpty": false,
          "_timeout": 2000
        }
      ],
      "passes": [],
      "failures": [],
      "pending": [],
      "skipped": [],
      "duration": 0,
      "root": true,
      "rootEmpty": true,
      "_timeout": 2000
    }
  ],
  "meta": {
    "mocha": {
      "version": "7.0.1"
    },
    "mochawesome": {
      "options": {
        "quiet": false,
        "reportFilename": "mochawesome",
        "saveHtml": false,
        "saveJson": true,
        "consoleReporter": "spec",
        "useInlineDiffs": false,
        "code": true
      },
      "version": "7.1.3"
    },
    "marge": {
      "options": {
        "overwrite": false,
        "html": false,
        "json": true,
        "reportDir": "cypress/reports/html/.jsons"
      },
      "version": "6.2.0"
    }
  }
}