{
  "stats": {
    "suites": 1,
    "tests": 2,
    "passes": 2,
    "pending": 0,
    "failures": 0,
    "start": "2023-11-05T10:44:07.315Z",
    "end": "2023-11-05T10:44:09.083Z",
    "duration": 1768,
    "testsRegistered": 2,
    "passPercent": 100,
    "pendingPercent": 0,
    "other": 0,
    "hasOther": false,
    "skipped": 0,
    "hasSkipped": false
  },
  "results": [
    {
      "uuid": "75f43ac1-c51b-4b34-89e5-6c08bc08e707",
      "title": "",
      "fullFile": "cypress/e2e/login.spec.cy.js",
      "file": "cypress/e2e/login.spec.cy.js",
      "beforeHooks": [],
      "afterHooks": [],
      "tests": [],
      "suites": [
        {
          "uuid": "78f5d8cc-5107-45fd-8ed8-feab7333390b",
          "title": "E-commerce Login Test Suite",
          "fullFile": "",
          "file": "",
          "beforeHooks": [],
          "afterHooks": [],
          "tests": [
            {
              "title": "Validate user is not able to login with invalid username and password",
              "fullTitle": "E-commerce Login Test Suite Validate user is not able to login with invalid username and password",
              "timedOut": null,
              "duration": 928,
              "state": "passed",
              "speed": "fast",
              "pass": true,
              "fail": false,
              "pending": false,
              "context": null,
              "code": "_LoginPage.default.login('username123', 'password234');\n_LoginPage.default.getErrorMessage().should('be.visible').and('contain', 'Epic sadface: Username and password do not match any user in this service');",
              "err": {},
              "uuid": "13a6cd7d-cea5-4f77-805f-050365b3898d",
              "parentUUID": "78f5d8cc-5107-45fd-8ed8-feab7333390b",
              "isHook": false,
              "skipped": false
            },
            {
              "title": "Validate user is able to login with username and password",
              "fullTitle": "E-commerce Login Test Suite Validate user is able to login with username and password",
              "timedOut": null,
              "duration": 778,
              "state": "passed",
              "speed": "fast",
              "pass": true,
              "fail": false,
              "pending": false,
              "context": null,
              "code": "_LoginPage.default.login(username, password);\n_LoginPage.default.getPageTitle().should('be.visible').and('contain', 'Swag Labs');",
              "err": {},
              "uuid": "ca7b6783-1307-4886-8e9e-231b6ed6cef1",
              "parentUUID": "78f5d8cc-5107-45fd-8ed8-feab7333390b",
              "isHook": false,
              "skipped": false
            }
          ],
          "suites": [],
          "passes": [
            "13a6cd7d-cea5-4f77-805f-050365b3898d",
            "ca7b6783-1307-4886-8e9e-231b6ed6cef1"
          ],
          "failures": [],
          "pending": [],
          "skipped": [],
          "duration": 1706,
          "root": false,
          "rootEmpty": false,
          "_timeout": 2000
        }
      ],
      "passes": [],
      "failures": [],
      "pending": [],
      "skipped": [],
      "duration": 0,
      "root": true,
      "rootEmpty": true,
      "_timeout": 2000
    }
  ],
  "meta": {
    "mocha": {
      "version": "7.0.1"
    },
    "mochawesome": {
      "options": {
        "quiet": false,
        "reportFilename": "mochawesome",
        "saveHtml": false,
        "saveJson": true,
        "consoleReporter": "spec",
        "useInlineDiffs": false,
        "code": true
      },
      "version": "7.1.3"
    },
    "marge": {
      "options": {
        "overwrite": false,
        "html": false,
        "json": true,
        "reportDir": "cypress/reports/html/.jsons"
      },
      "version": "6.2.0"
    }
  }
}